<?xml version="1.0" encoding="utf-8"?><testsuites><testsuite name="pytest" errors="0" failures="0" skipped="0" tests="3" time="0.245" timestamp="2026-04-24T23:23:32.251949" hostname="ezkl"><testcase classname="tests.test_recommendation_rules" name="test_high_summer_peak_triggers_hvac_tuneup_and_smart_thermostat" time="0.069" /><testcase classname="tests.test_recommendation_rules" name="test_high_usage_variance_triggers_audit_and_thermostat" time="0.019" /><testcase classname="tests.test_recommendation_rules" name="test_low_rebate_high_usage_deduplicates_weatherization" time="0.018" /></testsuite></testsuites>