============================= test session starts ==============================
platform linux -- Python 3.12.3, pytest-7.4.4, pluggy-1.6.0 -- /home/ezkl/dev/energytracker/backend/venv/bin/python
cachedir: .pytest_cache
rootdir: /home/ezkl/dev/energytracker/backend
plugins: cov-7.0.0
collecting ... collected 3 items

tests/test_recommendation_rules.py::test_high_summer_peak_triggers_hvac_tuneup_and_smart_thermostat PASSED [ 33%]
tests/test_recommendation_rules.py::test_high_usage_variance_triggers_audit_and_thermostat PASSED [ 66%]
tests/test_recommendation_rules.py::test_low_rebate_high_usage_deduplicates_weatherization PASSED [100%]

- generated xml file: /home/ezkl/dev/energytracker/backend/tests/results/junit-recommendation-rules.xml -
================================ tests coverage ================================
_______________ coverage: platform linux, python 3.12.3-final-0 ________________

Name                                   Stmts   Miss  Cover
----------------------------------------------------------
app/services/recommendation_rules.py      59      7    88%
----------------------------------------------------------
TOTAL                                     59      7    88%
Coverage HTML written to dir tests/results/coverage-html
============================== 3 passed in 0.23s ===============================
