<?xml version="1.0" encoding="utf-8"?><testsuites><testsuite name="pytest" errors="0" failures="0" skipped="1" tests="21" time="0.273" timestamp="2026-04-24T13:01:37.827133" hostname="Da-Rig"><testcase classname="tests.test_dashboard_api" name="test_dashboard_endpoint" time="0.072" /><testcase classname="tests.test_dashboard_api" name="test_valid_window" time="0.011" /><testcase classname="tests.test_dashboard_api" name="test_invalid_window" time="0.006" /><testcase classname="tests.test_dashboard_api" name="test_valid_neighborhood" time="0.010" /><testcase classname="tests.test_dashboard_api" name="test_invalid_neighborhood" time="0.014" /><testcase classname="tests.test_dashboard_api" name="test_valid_granularity" time="0.000"><skipped type="pytest.skip" message="date_trunc requires PostgreSQL, not available in SQLite test DB">C:\Users\Danny\Desktop\CS3398\energytracker\backend\tests\test_dashboard_api.py:29: date_trunc requires PostgreSQL, not available in SQLite test DB</skipped></testcase><testcase classname="tests.test_dashboard_api" name="test_invalid_granularity" time="0.006" /><testcase classname="tests.test_dashboard_api" name="test_response_structure" time="0.009" /><testcase classname="tests.test_recommendations_service" name="test_low_priority_recommendation" time="0.006" /><testcase classname="tests.test_recommendations_service" name="test_medium_priority_returns_two_recommendations" time="0.005" /><testcase classname="tests.test_recommendations_service" name="test_high_priority_recommendations" time="0.005" /><testcase classname="tests.test_recommendations_service" name="test_recommendations_are_deterministic" time="0.005" /><testcase classname="tests.test_recommendations_service" name="test_multiple_neighborhoods" time="0.005" /><testcase classname="tests.test_recommendations_service" name="test_actions_match_correct_trigger" time="0.005" /><testcase classname="tests.test_recommendations_service" name="test_estimated_impact_is_consistently_rounded" time="0.006" /><testcase classname="tests.test_trends" name="test_trends_endpoint_returns_200" time="0.007" /><testcase classname="tests.test_trends" name="test_trends_returns_monthly_aggregation" time="0.008" /><testcase classname="tests.test_trends" name="test_trends_first_month_pct_change_is_null" time="0.007" /><testcase classname="tests.test_trends" name="test_trends_pct_change_calculation" time="0.007" /><testcase classname="tests.test_trends" name="test_trends_filter_by_neighborhood" time="0.008" /><testcase classname="tests.test_trends" name="test_trends_empty_when_no_data_for_neighborhood" time="0.006" /></testsuite></testsuites>